[debug] [2023-01-16T12:36:37.321Z] ----------------------------------------------------------------------
[debug] [2023-01-16T12:36:37.326Z] Command:       C:\Program Files\nodejs\node.exe C:\Users\ANA\AppData\Roaming\npm\node_modules\firebase-tools\lib\bin\firebase.js init
[debug] [2023-01-16T12:36:37.327Z] CLI Version:   11.20.0
[debug] [2023-01-16T12:36:37.327Z] Platform:      win32
[debug] [2023-01-16T12:36:37.327Z] Node Version:  v16.15.1
[debug] [2023-01-16T12:36:37.330Z] Time:          Mon Jan 16 2023 18:06:37 GMT+0530 (India Standard Time)
[debug] [2023-01-16T12:36:37.331Z] ----------------------------------------------------------------------
[debug] 
[debug] [2023-01-16T12:36:37.342Z] > command requires scopes: ["email","openid","https://www.googleapis.com/auth/cloudplatformprojects.readonly","https://www.googleapis.com/auth/firebase","https://www.googleapis.com/auth/cloud-platform"]
[debug] [2023-01-16T12:36:37.343Z] > authorizing via signed-in user (anapattnaik25@gmail.com)
[info] 
     ######## #### ########  ######## ########     ###     ######  ########
     ##        ##  ##     ## ##       ##     ##  ##   ##  ##       ##
     ######    ##  ########  ######   ########  #########  ######  ######
     ##        ##  ##    ##  ##       ##     ## ##     ##       ## ##
     ##       #### ##     ## ######## ########  ##     ##  ######  ########

You're about to initialize a Firebase project in this directory:

  C:\Users\ANA\OneDrive\Desktop\youtube_clone

[info] 
=== Project Setup
[info] 
[info] First, let's associate this project directory with a Firebase project.
[info] You can create multiple project aliases by running firebase use --add, 
[info] but for now we'll just set up a default project.
[info] 
[debug] [2023-01-16T12:36:55.374Z] >>> [apiv2][query] GET https://firebase.googleapis.com/v1beta1/projects pageSize=100
[debug] [2023-01-16T12:36:56.415Z] <<< [apiv2][status] GET https://firebase.googleapis.com/v1beta1/projects 200
[debug] [2023-01-16T12:36:56.415Z] <<< [apiv2][body] GET https://firebase.googleapis.com/v1beta1/projects [omitted]
[info] i  Using project clone-bf8b3 (Youtube-Clone) 
[info] 
=== Hosting Setup
[info] 
[info] Your public directory is the folder (relative to your project directory) that
[info] will contain Hosting assets to be uploaded with firebase deploy. If you
[info] have a build process for your assets, use your build's output directory.
[info] 
